<?xml version="1.0" encoding="UTF-8"?>
<!-- Generated by org.testng.reporters.JUnitReportReporter -->
<testsuite hostname="pennant-vsp121" failures="0" tests="6" name="com.nkxgen.spring.jdbc.Test.MasterControllerTest" time="0.632" errors="0" timestamp="2023-07-03T10:07:37 IST" skipped="0">
  <testcase classname="com.nkxgen.spring.jdbc.Test.MasterControllerTest" name="testGetAccounts" time="0.022"/>
  <testcase classname="com.nkxgen.spring.jdbc.Test.MasterControllerTest" name="testProfitloss" time="0.003"/>
  <testcase classname="com.nkxgen.spring.jdbc.Test.MasterControllerTest" name="testGetLoans" time="0.002"/>
  <testcase classname="com.nkxgen.spring.jdbc.Test.MasterControllerTest" name="testMoney" time="0.001"/>
  <testcase classname="com.nkxgen.spring.jdbc.Test.MasterControllerTest" name="testGetSelectedAccountDetails" time="0.602"/>
  <testcase classname="com.nkxgen.spring.jdbc.Test.MasterControllerTest" name="testGetSelectedLoanDetails" time="0.002"/>
</testsuite> <!-- com.nkxgen.spring.jdbc.Test.MasterControllerTest -->
