<?xml version="1.0" encoding="UTF-8"?>
<!-- Generated by org.testng.reporters.JUnitReportReporter -->
<testsuite hostname="pennant-vsp121" failures="0" tests="10" name="com.nkxgen.spring.jdbc.Test.AccountControllerTest" time="0.817" errors="0" timestamp="2023-07-03T15:14:33 IST" skipped="0">
  <testcase classname="com.nkxgen.spring.jdbc.Test.AccountControllerTest" name="testGetAccountById" time="0.012"/>
  <testcase classname="com.nkxgen.spring.jdbc.Test.AccountControllerTest" name="testGetAccountApplicationById" time="0.003"/>
  <testcase classname="com.nkxgen.spring.jdbc.Test.AccountControllerTest" name="testSaveToAccountDatabase" time="0.009"/>
  <testcase classname="com.nkxgen.spring.jdbc.Test.AccountControllerTest" name="testSaveToAccountDocumentsDatabaseError" time="0.003"/>
  <testcase classname="com.nkxgen.spring.jdbc.Test.AccountControllerTest" name="testSaveToAccountDocumentsDatabase" time="0.002"/>
  <testcase classname="com.nkxgen.spring.jdbc.Test.AccountControllerTest" name="testViewAccounts" time="0.737"/>
  <testcase classname="com.nkxgen.spring.jdbc.Test.AccountControllerTest" name="testGetAccountApplicationByType" time="0.003"/>
  <testcase classname="com.nkxgen.spring.jdbc.Test.AccountControllerTest" name="testSaveToAccountDatabaseError" time="0.003"/>
  <testcase classname="com.nkxgen.spring.jdbc.Test.AccountControllerTest" name="testAccountApplicationSaveToDb" time="0.042"/>
  <testcase classname="com.nkxgen.spring.jdbc.Test.AccountControllerTest" name="testAccountApplicationSaveToDbError" time="0.003"/>
</testsuite> <!-- com.nkxgen.spring.jdbc.Test.AccountControllerTest -->
