<?xml version="1.0" encoding="UTF-8"?>
<!-- Generated by org.testng.reporters.JUnitReportReporter -->
<testsuite hostname="pennant-vsp121" failures="0" tests="12" name="com.nkxgen.spring.jdbc.Test.TransactionsDAOTest" time="0.980" errors="0" timestamp="2023-07-04T16:40:15 IST" skipped="0">
  <testcase classname="com.nkxgen.spring.jdbc.Test.TransactionsDAOTest" name="testSaveLoanTransaction" time="0.771"/>
  <testcase classname="com.nkxgen.spring.jdbc.Test.TransactionsDAOTest" name="testGetCustomerByLoanID" time="0.003"/>
  <testcase classname="com.nkxgen.spring.jdbc.Test.TransactionsDAOTest" name="testLoanTransactionWithdrawl" time="0.033"/>
  <testcase classname="com.nkxgen.spring.jdbc.Test.TransactionsDAOTest" name="testLoanWithdrawal" time="0.003"/>
  <testcase classname="com.nkxgen.spring.jdbc.Test.TransactionsDAOTest" name="testGetLoanAccountByIdNotFound" time="0.002"/>
  <testcase classname="com.nkxgen.spring.jdbc.Test.TransactionsDAOTest" name="testLoanRepayment" time="0.027"/>
  <testcase classname="com.nkxgen.spring.jdbc.Test.TransactionsDAOTest" name="testSaveTransaction" time="0.002"/>
  <testcase classname="com.nkxgen.spring.jdbc.Test.TransactionsDAOTest" name="testTransactionSave" time="0.002"/>
  <testcase classname="com.nkxgen.spring.jdbc.Test.TransactionsDAOTest" name="testGetAccountById" time="0.064"/>
  <testcase classname="com.nkxgen.spring.jdbc.Test.TransactionsDAOTest" name="testMoneyDeposit" time="0.002"/>
  <testcase classname="com.nkxgen.spring.jdbc.Test.TransactionsDAOTest" name="testGetLoanAccountApplicationById" time="0.057"/>
  <testcase classname="com.nkxgen.spring.jdbc.Test.TransactionsDAOTest" name="testTransactionSave1" time="0.014"/>
</testsuite> <!-- com.nkxgen.spring.jdbc.Test.TransactionsDAOTest -->
