<?xml version="1.0" encoding="UTF-8"?>
<!-- Generated by org.testng.reporters.JUnitReportReporter -->
<testsuite hostname="pennant-vsp121" failures="0" tests="10" name="com.nkxgen.spring.jdbc.Test.LoanApplicationDaoTest" time="0.641" errors="0" timestamp="2023-07-03T15:23:06 IST" skipped="0">
  <testcase classname="com.nkxgen.spring.jdbc.Test.LoanApplicationDaoTest" name="testGetLoanApplicationByid" time="0.004"/>
  <testcase classname="com.nkxgen.spring.jdbc.Test.LoanApplicationDaoTest" name="testSaveTheApprovedLoanApplication" time="0.002"/>
  <testcase classname="com.nkxgen.spring.jdbc.Test.LoanApplicationDaoTest" name="testGetLoanApplicationsByStatus" time="0.002"/>
  <testcase classname="com.nkxgen.spring.jdbc.Test.LoanApplicationDaoTest" name="testSaveLoanApplication" time="0.003"/>
  <testcase classname="com.nkxgen.spring.jdbc.Test.LoanApplicationDaoTest" name="testGetLoanApplicationByValue" time="0.002"/>
  <testcase classname="com.nkxgen.spring.jdbc.Test.LoanApplicationDaoTest" name="testDeleteApplication" time="0.025"/>
  <testcase classname="com.nkxgen.spring.jdbc.Test.LoanApplicationDaoTest" name="testGetLoanAccountsByLoanType" time="0.591"/>
  <testcase classname="com.nkxgen.spring.jdbc.Test.LoanApplicationDaoTest" name="testGetAllLoans" time="0.007"/>
  <testcase classname="com.nkxgen.spring.jdbc.Test.LoanApplicationDaoTest" name="testGetLoanApplicationById" time="0.002"/>
  <testcase classname="com.nkxgen.spring.jdbc.Test.LoanApplicationDaoTest" name="testGetLoanAccountById" time="0.003"/>
</testsuite> <!-- com.nkxgen.spring.jdbc.Test.LoanApplicationDaoTest -->
