<?xml version="1.0" encoding="UTF-8"?>
<!-- Generated by org.testng.reporters.JUnitReportReporter -->
<testsuite hostname="LAPTOP-VCQHI407" failures="0" tests="6" name="com.nkxgen.spring.jdbc.Test.BankUserServiceTest" time="1.013" errors="0" timestamp="2023-07-02T20:07:09 IST" skipped="0">
  <testcase classname="com.nkxgen.spring.jdbc.Test.BankUserServiceTest" name="testSaveBankUser" time="0.002"/>
  <testcase classname="com.nkxgen.spring.jdbc.Test.BankUserServiceTest" name="testSaveUser" time="0.002"/>
  <testcase classname="com.nkxgen.spring.jdbc.Test.BankUserServiceTest" name="testGetAllBankUsers" time="0.076"/>
  <testcase classname="com.nkxgen.spring.jdbc.Test.BankUserServiceTest" name="testGetBankUsersByDesignation" time="0.927"/>
  <testcase classname="com.nkxgen.spring.jdbc.Test.BankUserServiceTest" name="testGetBankUsersByDesignation_BankUser" time="0.003"/>
  <testcase classname="com.nkxgen.spring.jdbc.Test.BankUserServiceTest" name="testGetBankUserById" time="0.003"/>
</testsuite> <!-- com.nkxgen.spring.jdbc.Test.BankUserServiceTest -->
